{"C:\\Users\\gabriel.silva\\biblioteca\\app.js": {"path":"C:\\Users\\gabriel.silva\\biblioteca\\app.js","statementMap":{"0":{"start":{"line":2,"column":12},"end":{"line":2,"column":21}},"1":{"start":{"line":3,"column":0},"end":{"line":3,"column":24}},"2":{"start":{"line":9,"column":0},"end":{"line":9,"column":64}},"3":{"start":{"line":12,"column":15},"end":{"line":25,"column":1}},"4":{"start":{"line":28,"column":0},"end":{"line":38,"column":3}},"5":{"start":{"line":29,"column":19},"end":{"line":29,"column":44}},"6":{"start":{"line":30,"column":26},"end":{"line":30,"column":30}},"7":{"start":{"line":31,"column":4},"end":{"line":34,"column":5}},"8":{"start":{"line":32,"column":6},"end":{"line":33,"column":85}},"9":{"start":{"line":32,"column":46},"end":{"line":33,"column":83}},"10":{"start":{"line":36,"column":4},"end":{"line":36,"column":48}},"11":{"start":{"line":37,"column":4},"end":{"line":37,"column":42}},"12":{"start":{"line":57,"column":0},"end":{"line":68,"column":3}},"13":{"start":{"line":58,"column":15},"end":{"line":58,"column":37}},"14":{"start":{"line":60,"column":18},"end":{"line":60,"column":53}},"15":{"start":{"line":60,"column":38},"end":{"line":60,"column":52}},"16":{"start":{"line":62,"column":4},"end":{"line":64,"column":5}},"17":{"start":{"line":63,"column":8},"end":{"line":63,"column":68}},"18":{"start":{"line":66,"column":4},"end":{"line":66,"column":32}},"19":{"start":{"line":71,"column":0},"end":{"line":95,"column":3}},"20":{"start":{"line":73,"column":19},"end":{"line":73,"column":43}},"21":{"start":{"line":74,"column":18},"end":{"line":74,"column":41}},"22":{"start":{"line":76,"column":6},"end":{"line":78,"column":7}},"23":{"start":{"line":77,"column":8},"end":{"line":77,"column":67}},"24":{"start":{"line":80,"column":6},"end":{"line":82,"column":7}},"25":{"start":{"line":81,"column":8},"end":{"line":81,"column":68}},"26":{"start":{"line":84,"column":26},"end":{"line":89,"column":9}},"27":{"start":{"line":91,"column":8},"end":{"line":91,"column":31}},"28":{"start":{"line":93,"column":8},"end":{"line":93,"column":40}},"29":{"start":{"line":97,"column":0},"end":{"line":117,"column":3}},"30":{"start":{"line":98,"column":15},"end":{"line":98,"column":36}},"31":{"start":{"line":99,"column":18},"end":{"line":99,"column":53}},"32":{"start":{"line":99,"column":38},"end":{"line":99,"column":52}},"33":{"start":{"line":100,"column":4},"end":{"line":102,"column":5}},"34":{"start":{"line":101,"column":8},"end":{"line":101,"column":68}},"35":{"start":{"line":104,"column":4},"end":{"line":106,"column":5}},"36":{"start":{"line":105,"column":8},"end":{"line":105,"column":39}},"37":{"start":{"line":108,"column":4},"end":{"line":110,"column":5}},"38":{"start":{"line":109,"column":8},"end":{"line":109,"column":37}},"39":{"start":{"line":112,"column":4},"end":{"line":114,"column":5}},"40":{"start":{"line":113,"column":8},"end":{"line":113,"column":47}},"41":{"start":{"line":116,"column":4},"end":{"line":116,"column":31}},"42":{"start":{"line":119,"column":0},"end":{"line":131,"column":3}},"43":{"start":{"line":120,"column":15},"end":{"line":120,"column":36}},"44":{"start":{"line":121,"column":19},"end":{"line":121,"column":59}},"45":{"start":{"line":121,"column":44},"end":{"line":121,"column":58}},"46":{"start":{"line":123,"column":4},"end":{"line":125,"column":5}},"47":{"start":{"line":124,"column":8},"end":{"line":124,"column":70}},"48":{"start":{"line":127,"column":4},"end":{"line":127,"column":29}},"49":{"start":{"line":129,"column":4},"end":{"line":129,"column":28}}},"fnMap":{"0":{"name":"(anonymous_0)","decl":{"start":{"line":28,"column":19},"end":{"line":28,"column":20}},"loc":{"start":{"line":28,"column":32},"end":{"line":38,"column":1}},"line":28},"1":{"name":"(anonymous_1)","decl":{"start":{"line":32,"column":38},"end":{"line":32,"column":39}},"loc":{"start":{"line":32,"column":46},"end":{"line":33,"column":83}},"line":32},"2":{"name":"(anonymous_2)","decl":{"start":{"line":57,"column":23},"end":{"line":57,"column":24}},"loc":{"start":{"line":57,"column":36},"end":{"line":68,"column":1}},"line":57},"3":{"name":"(anonymous_3)","decl":{"start":{"line":60,"column":30},"end":{"line":60,"column":31}},"loc":{"start":{"line":60,"column":38},"end":{"line":60,"column":52}},"line":60},"4":{"name":"(anonymous_4)","decl":{"start":{"line":71,"column":20},"end":{"line":71,"column":21}},"loc":{"start":{"line":71,"column":32},"end":{"line":95,"column":1}},"line":71},"5":{"name":"(anonymous_5)","decl":{"start":{"line":97,"column":23},"end":{"line":97,"column":24}},"loc":{"start":{"line":97,"column":37},"end":{"line":117,"column":1}},"line":97},"6":{"name":"(anonymous_6)","decl":{"start":{"line":99,"column":30},"end":{"line":99,"column":31}},"loc":{"start":{"line":99,"column":38},"end":{"line":99,"column":52}},"line":99},"7":{"name":"(anonymous_7)","decl":{"start":{"line":119,"column":26},"end":{"line":119,"column":27}},"loc":{"start":{"line":119,"column":39},"end":{"line":131,"column":1}},"line":119},"8":{"name":"(anonymous_8)","decl":{"start":{"line":121,"column":36},"end":{"line":121,"column":37}},"loc":{"start":{"line":121,"column":44},"end":{"line":121,"column":58}},"line":121}},"branchMap":{"0":{"loc":{"start":{"line":29,"column":19},"end":{"line":29,"column":44}},"type":"binary-expr","locations":[{"start":{"line":29,"column":19},"end":{"line":29,"column":36}},{"start":{"line":29,"column":40},"end":{"line":29,"column":44}}],"line":29},"1":{"loc":{"start":{"line":31,"column":4},"end":{"line":34,"column":5}},"type":"if","locations":[{"start":{"line":31,"column":4},"end":{"line":34,"column":5}},{"start":{},"end":{}}],"line":31},"2":{"loc":{"start":{"line":36,"column":22},"end":{"line":36,"column":47}},"type":"binary-expr","locations":[{"start":{"line":36,"column":22},"end":{"line":36,"column":37}},{"start":{"line":36,"column":41},"end":{"line":36,"column":47}}],"line":36},"3":{"loc":{"start":{"line":62,"column":4},"end":{"line":64,"column":5}},"type":"if","locations":[{"start":{"line":62,"column":4},"end":{"line":64,"column":5}},{"start":{},"end":{}}],"line":62},"4":{"loc":{"start":{"line":73,"column":19},"end":{"line":73,"column":43}},"type":"binary-expr","locations":[{"start":{"line":73,"column":19},"end":{"line":73,"column":35}},{"start":{"line":73,"column":39},"end":{"line":73,"column":43}}],"line":73},"5":{"loc":{"start":{"line":74,"column":18},"end":{"line":74,"column":41}},"type":"binary-expr","locations":[{"start":{"line":74,"column":18},"end":{"line":74,"column":33}},{"start":{"line":74,"column":37},"end":{"line":74,"column":41}}],"line":74},"6":{"loc":{"start":{"line":76,"column":6},"end":{"line":78,"column":7}},"type":"if","locations":[{"start":{"line":76,"column":6},"end":{"line":78,"column":7}},{"start":{},"end":{}}],"line":76},"7":{"loc":{"start":{"line":80,"column":6},"end":{"line":82,"column":7}},"type":"if","locations":[{"start":{"line":80,"column":6},"end":{"line":82,"column":7}},{"start":{},"end":{}}],"line":80},"8":{"loc":{"start":{"line":88,"column":24},"end":{"line":88,"column":53}},"type":"binary-expr","locations":[{"start":{"line":88,"column":24},"end":{"line":88,"column":44}},{"start":{"line":88,"column":48},"end":{"line":88,"column":53}}],"line":88},"9":{"loc":{"start":{"line":100,"column":4},"end":{"line":102,"column":5}},"type":"if","locations":[{"start":{"line":100,"column":4},"end":{"line":102,"column":5}},{"start":{},"end":{}}],"line":100},"10":{"loc":{"start":{"line":104,"column":4},"end":{"line":106,"column":5}},"type":"if","locations":[{"start":{"line":104,"column":4},"end":{"line":106,"column":5}},{"start":{},"end":{}}],"line":104},"11":{"loc":{"start":{"line":104,"column":7},"end":{"line":104,"column":50}},"type":"binary-expr","locations":[{"start":{"line":104,"column":7},"end":{"line":104,"column":24}},{"start":{"line":104,"column":28},"end":{"line":104,"column":50}}],"line":104},"12":{"loc":{"start":{"line":108,"column":4},"end":{"line":110,"column":5}},"type":"if","locations":[{"start":{"line":108,"column":4},"end":{"line":110,"column":5}},{"start":{},"end":{}}],"line":108},"13":{"loc":{"start":{"line":108,"column":7},"end":{"line":108,"column":48}},"type":"binary-expr","locations":[{"start":{"line":108,"column":7},"end":{"line":108,"column":23}},{"start":{"line":108,"column":27},"end":{"line":108,"column":48}}],"line":108},"14":{"loc":{"start":{"line":112,"column":4},"end":{"line":114,"column":5}},"type":"if","locations":[{"start":{"line":112,"column":4},"end":{"line":114,"column":5}},{"start":{},"end":{}}],"line":112},"15":{"loc":{"start":{"line":112,"column":7},"end":{"line":112,"column":58}},"type":"binary-expr","locations":[{"start":{"line":112,"column":7},"end":{"line":112,"column":28}},{"start":{"line":112,"column":32},"end":{"line":112,"column":58}}],"line":112},"16":{"loc":{"start":{"line":123,"column":4},"end":{"line":125,"column":5}},"type":"if","locations":[{"start":{"line":123,"column":4},"end":{"line":125,"column":5}},{"start":{},"end":{}}],"line":123}},"s":{"0":1,"1":1,"2":1,"3":1,"4":1,"5":2,"6":2,"7":2,"8":0,"9":0,"10":2,"11":2,"12":1,"13":0,"14":0,"15":0,"16":0,"17":0,"18":0,"19":1,"20":2,"21":2,"22":2,"23":1,"24":1,"25":0,"26":1,"27":1,"28":1,"29":1,"30":0,"31":0,"32":0,"33":0,"34":0,"35":0,"36":0,"37":0,"38":0,"39":0,"40":0,"41":0,"42":1,"43":0,"44":0,"45":0,"46":0,"47":0,"48":0,"49":0},"f":{"0":2,"1":0,"2":0,"3":0,"4":2,"5":0,"6":0,"7":0,"8":0},"b":{"0":[2,2],"1":[0,2],"2":[2,2],"3":[0,0],"4":[2,0],"5":[2,1],"6":[1,1],"7":[0,1],"8":[1,1],"9":[0,0],"10":[0,0],"11":[0,0],"12":[0,0],"13":[0,0],"14":[0,0],"15":[0,0],"16":[0,0]},"_coverageSchema":"1a1c01bbd47fc00a2c39e90264f33305004495a9","hash":"1eed0081df7dee1901b326e2079310a919f8c527"}
,"C:\\Users\\gabriel.silva\\biblioteca\\swagger.js": {"path":"C:\\Users\\gabriel.silva\\biblioteca\\swagger.js","statementMap":{"0":{"start":{"line":4,"column":15},"end":{"line":10,"column":1}}},"fnMap":{},"branchMap":{},"s":{"0":1},"f":{},"b":{},"_coverageSchema":"1a1c01bbd47fc00a2c39e90264f33305004495a9","hash":"dea078262d548fa321b6a0cae06d6f966fa18bfe"}
}
