TN:
SF:app.js
FN:28,(anonymous_0)
FN:32,(anonymous_1)
FN:57,(anonymous_2)
FN:60,(anonymous_3)
FN:71,(anonymous_4)
FN:97,(anonymous_5)
FN:99,(anonymous_6)
FN:119,(anonymous_7)
FN:121,(anonymous_8)
FNF:9
FNH:2
FNDA:2,(anonymous_0)
FNDA:0,(anonymous_1)
FNDA:0,(anonymous_2)
FNDA:0,(anonymous_3)
FNDA:2,(anonymous_4)
FNDA:0,(anonymous_5)
FNDA:0,(anonymous_6)
FNDA:0,(anonymous_7)
FNDA:0,(anonymous_8)
DA:2,1
DA:3,1
DA:9,1
DA:12,1
DA:28,1
DA:29,2
DA:30,2
DA:31,2
DA:32,0
DA:36,2
DA:37,2
DA:57,1
DA:58,0
DA:60,0
DA:62,0
DA:63,0
DA:66,0
DA:71,1
DA:73,2
DA:74,2
DA:76,2
DA:77,1
DA:80,1
DA:81,0
DA:84,1
DA:91,1
DA:93,1
DA:97,1
DA:98,0
DA:99,0
DA:100,0
DA:101,0
DA:104,0
DA:105,0
DA:108,0
DA:109,0
DA:112,0
DA:113,0
DA:116,0
DA:119,1
DA:120,0
DA:121,0
DA:123,0
DA:124,0
DA:127,0
DA:129,0
LF:46
LH:22
BRDA:29,0,0,2
BRDA:29,0,1,2
BRDA:31,1,0,0
BRDA:31,1,1,2
BRDA:36,2,0,2
BRDA:36,2,1,2
BRDA:62,3,0,0
BRDA:62,3,1,0
BRDA:73,4,0,2
BRDA:73,4,1,0
BRDA:74,5,0,2
BRDA:74,5,1,1
BRDA:76,6,0,1
BRDA:76,6,1,1
BRDA:80,7,0,0
BRDA:80,7,1,1
BRDA:88,8,0,1
BRDA:88,8,1,1
BRDA:100,9,0,0
BRDA:100,9,1,0
BRDA:104,10,0,0
BRDA:104,10,1,0
BRDA:104,11,0,0
BRDA:104,11,1,0
BRDA:108,12,0,0
BRDA:108,12,1,0
BRDA:108,13,0,0
BRDA:108,13,1,0
BRDA:112,14,0,0
BRDA:112,14,1,0
BRDA:112,15,0,0
BRDA:112,15,1,0
BRDA:123,16,0,0
BRDA:123,16,1,0
BRF:34
BRH:13
end_of_record
TN:
SF:swagger.js
FNF:0
FNH:0
DA:4,1
LF:1
LH:1
BRF:0
BRH:0
end_of_record
